<?xml version="1.0" encoding="UTF-8"?>
<testsuite xmlns:xsi="http://www.w3.org/2001/XMLSchema-instance" xsi:noNamespaceSchemaLocation="https://maven.apache.org/surefire/maven-surefire-plugin/xsd/surefire-test-report.xsd" version="3.0.1" name="by.losik.IOSystemTest" time="0.137" tests="26" errors="0" skipped="0" failures="0">
  <properties>
    <property name="java.specification.version" value="21"/>
    <property name="sun.cpu.isalist" value="amd64"/>
    <property name="sun.jnu.encoding" value="Cp1251"/>
    <property name="java.class.path" value="D:\Java\untitled1\target\test-classes;D:\Java\untitled1\target\classes;C:\Users\yaroslave\.m2\repository\by\losik\lab2\lab2aois\1.0-SNAPSHOT\lab2aois-1.0-SNAPSHOT.jar;C:\Users\yaroslave\.m2\repository\org\junit\jupiter\junit-jupiter-api\5.11.0\junit-jupiter-api-5.11.0.jar;C:\Users\yaroslave\.m2\repository\org\opentest4j\opentest4j\1.3.0\opentest4j-1.3.0.jar;C:\Users\yaroslave\.m2\repository\org\junit\platform\junit-platform-commons\1.11.0\junit-platform-commons-1.11.0.jar;C:\Users\yaroslave\.m2\repository\org\apiguardian\apiguardian-api\1.1.2\apiguardian-api-1.1.2.jar;C:\Users\yaroslave\.m2\repository\org\junit\jupiter\junit-jupiter-params\5.11.0\junit-jupiter-params-5.11.0.jar;C:\Users\yaroslave\.m2\repository\org\mockito\mockito-core\5.13.0\mockito-core-5.13.0.jar;C:\Users\yaroslave\.m2\repository\net\bytebuddy\byte-buddy\1.15.0\byte-buddy-1.15.0.jar;C:\Users\yaroslave\.m2\repository\net\bytebuddy\byte-buddy-agent\1.15.0\byte-buddy-agent-1.15.0.jar;C:\Users\yaroslave\.m2\repository\org\objenesis\objenesis\3.3\objenesis-3.3.jar;"/>
    <property name="java.vm.vendor" value="Oracle Corporation"/>
    <property name="sun.arch.data.model" value="64"/>
    <property name="user.variant" value=""/>
    <property name="java.vendor.url" value="https://java.oracle.com/"/>
    <property name="user.timezone" value="Europe/Minsk"/>
    <property name="os.name" value="Windows 10"/>
    <property name="java.vm.specification.version" value="21"/>
    <property name="sun.java.launcher" value="SUN_STANDARD"/>
    <property name="user.country" value="RU"/>
    <property name="sun.boot.library.path" value="C:\Program Files\Java\jdk-21\bin"/>
    <property name="sun.java.command" value="C:\temp\surefire17178028899064178840\surefirebooter-20250531224516520_3.jar C:\temp\surefire17178028899064178840 2025-05-31T22-45-16_417-jvmRun1 surefire-20250531224516520_1tmp surefire_0-20250531224516520_2tmp"/>
    <property name="jdk.debug" value="release"/>
    <property name="surefire.test.class.path" value="D:\Java\untitled1\target\test-classes;D:\Java\untitled1\target\classes;C:\Users\yaroslave\.m2\repository\by\losik\lab2\lab2aois\1.0-SNAPSHOT\lab2aois-1.0-SNAPSHOT.jar;C:\Users\yaroslave\.m2\repository\org\junit\jupiter\junit-jupiter-api\5.11.0\junit-jupiter-api-5.11.0.jar;C:\Users\yaroslave\.m2\repository\org\opentest4j\opentest4j\1.3.0\opentest4j-1.3.0.jar;C:\Users\yaroslave\.m2\repository\org\junit\platform\junit-platform-commons\1.11.0\junit-platform-commons-1.11.0.jar;C:\Users\yaroslave\.m2\repository\org\apiguardian\apiguardian-api\1.1.2\apiguardian-api-1.1.2.jar;C:\Users\yaroslave\.m2\repository\org\junit\jupiter\junit-jupiter-params\5.11.0\junit-jupiter-params-5.11.0.jar;C:\Users\yaroslave\.m2\repository\org\mockito\mockito-core\5.13.0\mockito-core-5.13.0.jar;C:\Users\yaroslave\.m2\repository\net\bytebuddy\byte-buddy\1.15.0\byte-buddy-1.15.0.jar;C:\Users\yaroslave\.m2\repository\net\bytebuddy\byte-buddy-agent\1.15.0\byte-buddy-agent-1.15.0.jar;C:\Users\yaroslave\.m2\repository\org\objenesis\objenesis\3.3\objenesis-3.3.jar;"/>
    <property name="sun.cpu.endian" value="little"/>
    <property name="user.home" value="C:\Users\yaroslave"/>
    <property name="user.language" value="ru"/>
    <property name="java.specification.vendor" value="Oracle Corporation"/>
    <property name="java.version.date" value="2023-10-17"/>
    <property name="java.home" value="C:\Program Files\Java\jdk-21"/>
    <property name="file.separator" value="\"/>
    <property name="basedir" value="D:\Java\untitled1"/>
    <property name="java.vm.compressedOopsMode" value="Zero based"/>
    <property name="line.separator" value="&#10;"/>
    <property name="java.vm.specification.vendor" value="Oracle Corporation"/>
    <property name="java.specification.name" value="Java Platform API Specification"/>
    <property name="surefire.real.class.path" value="C:\temp\surefire17178028899064178840\surefirebooter-20250531224516520_3.jar"/>
    <property name="user.script" value=""/>
    <property name="sun.management.compiler" value="HotSpot 64-Bit Tiered Compilers"/>
    <property name="java.runtime.version" value="21.0.1+12-LTS-29"/>
    <property name="user.name" value="yaroslave"/>
    <property name="stdout.encoding" value="Cp1251"/>
    <property name="path.separator" value=";"/>
    <property name="os.version" value="10.0"/>
    <property name="java.runtime.name" value="Java(TM) SE Runtime Environment"/>
    <property name="file.encoding" value="UTF-8"/>
    <property name="java.vm.name" value="Java HotSpot(TM) 64-Bit Server VM"/>
    <property name="localRepository" value="C:\Users\yaroslave\.m2\repository"/>
    <property name="java.vendor.url.bug" value="https://bugreport.java.com/bugreport/"/>
    <property name="java.io.tmpdir" value="c:\temp\"/>
    <property name="java.version" value="21.0.1"/>
    <property name="user.dir" value="D:\Java\untitled1"/>
    <property name="os.arch" value="amd64"/>
    <property name="java.vm.specification.name" value="Java Virtual Machine Specification"/>
    <property name="sun.os.patch.level" value=""/>
    <property name="native.encoding" value="Cp1251"/>
    <property name="java.library.path" value="C:\Program Files\Java\jdk-21\bin;C:\Windows\Sun\Java\bin;C:\Windows\system32;C:\Windows;C:\Program Files\Common Files\Oracle\Java\javapath;C:\Program Files (x86)\Common Files\Oracle\Java\javapath;C:\ProgramData\Oracle\Java\javapath;C:\Windows\system32;C:\Windows;C:\Windows\System32\Wbem;C:\Windows\System32\WindowsPowerShell\v1.0\;C:\Windows\System32\OpenSSH\;C:\Program Files\Microsoft SQL Server\Client SDK\ODBC\170\Tools\Binn\;C:\Program Files (x86)\NVIDIA Corporation\PhysX\Common;D:\Git\cmd;C:\Program Files\dotnet\;C:\Program Files\Microsoft SQL Server\150\Tools\Binn\;D:\Minikube;C:\ProgramData\chocolatey\bin;D:\OpenZFS On Windows;C:\Users\yaroslave\Desktop\apache-maven-3.9.9\bin;D:\apache-cassandra-4.1.7\bin;C:\Program Files\NVIDIA Corporation\NVIDIA app\NvDLISR;D:\MongoDB\mongosh-2.4.2-win32-x64\bin;C:\Program Files\Java\jdk-21\bin;D:\Docker\resources\bin;C:\Program Files\Vagrant\bin;C:\Program Files\PuTTY\;G:\;G:\Amazon\AWSCLIV2;D:\Scripts\;D:\;C:\Windows\system32\config\systemprofile\AppData\Local\Microsoft\WindowsApps;D:\MikTex\miktex\bin\x64\;C:\Windows\system32\config\systemprofile\.dotnet\tools;D:\IntelliJ IDEA 2023.3\bin;;C:\Users\yaroslave\AppData\Local\Programs\Lens\resources\cli\bin;D:\Lens\resources\cli\bin;C:\Program Files\\Elastic\Beats\8.15.1\filebeat;D:\Microsoft VS Code\bin;D:\swipl\bin;."/>
    <property name="java.vm.info" value="mixed mode, sharing"/>
    <property name="stderr.encoding" value="Cp1251"/>
    <property name="java.vendor" value="Oracle Corporation"/>
    <property name="java.vm.version" value="21.0.1+12-LTS-29"/>
    <property name="sun.io.unicode.encoding" value="UnicodeLittle"/>
    <property name="java.class.version" value="65.0"/>
  </properties>
  <testcase name="testGenerateRowHeadersInvalid" classname="by.losik.IOSystemTest" time="0.013"/>
  <testcase name="testPrintSDNFTableEmptyInput" classname="by.losik.IOSystemTest" time="0.001">
    <system-out><![CDATA[	|
]]></system-out>
  </testcase>
  <testcase name="testPrintSKNFTable" classname="by.losik.IOSystemTest" time="0.009">
    <system-out><![CDATA[ 	|A\/B	|!A\/B	|
B	|  1 	|  1  	|
]]></system-out>
  </testcase>
  <testcase name="testPrintKarnaughMapValidSizes(int)[1]" classname="by.losik.IOSystemTest" time="0.009">
    <system-out><![CDATA[Карта Карно:
          0   1
     |   0   0
]]></system-out>
  </testcase>
  <testcase name="testPrintKarnaughMapValidSizes(int)[2]" classname="by.losik.IOSystemTest" time="0.002">
    <system-out><![CDATA[Карта Карно:
         00  01  11  10
   0 |   0   0   0   0
   1 |   0   0   0   0
]]></system-out>
  </testcase>
  <testcase name="testPrintKarnaughMapValidSizes(int)[3]" classname="by.losik.IOSystemTest" time="0.005">
    <system-out><![CDATA[Карта Карно:
        000 001 011 010 110 111 101 100
  00 |   0   0   0   0   0   0   0   0
  01 |   0   0   0   0   0   0   0   0
  11 |   0   0   0   0   0   0   0   0
  10 |   0   0   0   0   0   0   0   0
]]></system-out>
  </testcase>
  <testcase name="testPrintSDNFTable" classname="by.losik.IOSystemTest" time="0.002">
    <system-out><![CDATA[ 	|A/\B	|!A/\B	|
B	|  1 	|  1  	|
]]></system-out>
  </testcase>
  <testcase name="testPrintKarnaughMapMinimumSize" classname="by.losik.IOSystemTest" time="0.001">
    <system-out><![CDATA[Карта Карно:
          0   1
     |   0   0
]]></system-out>
  </testcase>
  <testcase name="testPrintSKNFTableEmptyInput" classname="by.losik.IOSystemTest" time="0.001">
    <system-out><![CDATA[	|
]]></system-out>
  </testcase>
  <testcase name="testTakeTheInput" classname="by.losik.IOSystemTest" time="0.001"/>
  <testcase name="testChooseFormulaTypeValid(int)[1]" classname="by.losik.IOSystemTest" time="0.0"/>
  <testcase name="testChooseFormulaTypeValid(int)[2]" classname="by.losik.IOSystemTest" time="0.001"/>
  <testcase name="testGenerateColumnHeaders(int, String)[1]" classname="by.losik.IOSystemTest" time="0.013"/>
  <testcase name="testGenerateColumnHeaders(int, String)[2]" classname="by.losik.IOSystemTest" time="0.001"/>
  <testcase name="testGenerateColumnHeaders(int, String)[3]" classname="by.losik.IOSystemTest" time="0.001"/>
  <testcase name="testPrintKarnaughMapInvalidSize" classname="by.losik.IOSystemTest" time="0.001"/>
  <testcase name="testGenerateColumnHeadersInvalid" classname="by.losik.IOSystemTest" time="0.001"/>
  <testcase name="testGenerateRowHeaders(int, String)[1]" classname="by.losik.IOSystemTest" time="0.001"/>
  <testcase name="testGenerateRowHeaders(int, String)[2]" classname="by.losik.IOSystemTest" time="0.001"/>
  <testcase name="testGenerateRowHeaders(int, String)[3]" classname="by.losik.IOSystemTest" time="0.0"/>
  <testcase name="testPrintMethods(String, String, String)[1]" classname="by.losik.IOSystemTest" time="0.004">
    <system-out><![CDATA[Минимизированная СДНФ расчётным методом: test

]]></system-out>
  </testcase>
  <testcase name="testPrintMethods(String, String, String)[2]" classname="by.losik.IOSystemTest" time="0.001">
    <system-out><![CDATA[Минимизированная СКНФ расчётным методом: test

]]></system-out>
  </testcase>
  <testcase name="testPrintMethods(String, String, String)[3]" classname="by.losik.IOSystemTest" time="0.0">
    <system-out><![CDATA[Минимизированная СДНФ расчётно-табличным методом: test 

]]></system-out>
  </testcase>
  <testcase name="testPrintMethods(String, String, String)[4]" classname="by.losik.IOSystemTest" time="0.0">
    <system-out><![CDATA[Минимизированная СКНФ расчётно-табличным методом: test 

]]></system-out>
  </testcase>
  <testcase name="testPrintMethods(String, String, String)[5]" classname="by.losik.IOSystemTest" time="0.001">
    <system-out><![CDATA[Минимизированная СДНФ табличным методом: test 

]]></system-out>
  </testcase>
  <testcase name="testPrintMethods(String, String, String)[6]" classname="by.losik.IOSystemTest" time="0.0">
    <system-out><![CDATA[Минимизированная СКНФ табличным методом: test  

]]></system-out>
  </testcase>
</testsuite>