<?xml version="1.0" encoding="UTF-8"?>
<testsuite xmlns:xsi="http://www.w3.org/2001/XMLSchema-instance" xsi:noNamespaceSchemaLocation="https://maven.apache.org/surefire/maven-surefire-plugin/xsd/surefire-test-report.xsd" version="3.0.1" name="by.losik.BCD8421ToExcess5ConverterTest" time="0.072" tests="6" errors="0" skipped="0" failures="0">
  <properties>
    <property name="java.specification.version" value="21"/>
    <property name="sun.cpu.isalist" value="amd64"/>
    <property name="sun.jnu.encoding" value="Cp1251"/>
    <property name="java.class.path" value="D:\Java\lab4aois\target\test-classes;D:\Java\lab4aois\target\classes;C:\Users\yaroslave\.m2\repository\org\example\untitled1\1.0-SNAPSHOT\untitled1-1.0-SNAPSHOT.jar;C:\Users\yaroslave\.m2\repository\org\junit\jupiter\junit-jupiter-api\5.11.0\junit-jupiter-api-5.11.0.jar;C:\Users\yaroslave\.m2\repository\org\opentest4j\opentest4j\1.3.0\opentest4j-1.3.0.jar;C:\Users\yaroslave\.m2\repository\org\junit\platform\junit-platform-commons\1.11.0\junit-platform-commons-1.11.0.jar;C:\Users\yaroslave\.m2\repository\org\apiguardian\apiguardian-api\1.1.2\apiguardian-api-1.1.2.jar;C:\Users\yaroslave\.m2\repository\org\junit\jupiter\junit-jupiter-params\5.11.0\junit-jupiter-params-5.11.0.jar;"/>
    <property name="java.vm.vendor" value="Oracle Corporation"/>
    <property name="sun.arch.data.model" value="64"/>
    <property name="user.variant" value=""/>
    <property name="java.vendor.url" value="https://java.oracle.com/"/>
    <property name="user.timezone" value="Europe/Minsk"/>
    <property name="os.name" value="Windows 10"/>
    <property name="java.vm.specification.version" value="21"/>
    <property name="sun.java.launcher" value="SUN_STANDARD"/>
    <property name="user.country" value="RU"/>
    <property name="sun.boot.library.path" value="C:\Program Files\Java\jdk-21\bin"/>
    <property name="sun.java.command" value="C:\temp\surefire15080876711930879705\surefirebooter-20250517161736783_3.jar C:\temp\surefire15080876711930879705 2025-05-17T16-17-36_646-jvmRun1 surefire-20250517161736783_1tmp surefire_0-20250517161736783_2tmp"/>
    <property name="jdk.debug" value="release"/>
    <property name="surefire.test.class.path" value="D:\Java\lab4aois\target\test-classes;D:\Java\lab4aois\target\classes;C:\Users\yaroslave\.m2\repository\org\example\untitled1\1.0-SNAPSHOT\untitled1-1.0-SNAPSHOT.jar;C:\Users\yaroslave\.m2\repository\org\junit\jupiter\junit-jupiter-api\5.11.0\junit-jupiter-api-5.11.0.jar;C:\Users\yaroslave\.m2\repository\org\opentest4j\opentest4j\1.3.0\opentest4j-1.3.0.jar;C:\Users\yaroslave\.m2\repository\org\junit\platform\junit-platform-commons\1.11.0\junit-platform-commons-1.11.0.jar;C:\Users\yaroslave\.m2\repository\org\apiguardian\apiguardian-api\1.1.2\apiguardian-api-1.1.2.jar;C:\Users\yaroslave\.m2\repository\org\junit\jupiter\junit-jupiter-params\5.11.0\junit-jupiter-params-5.11.0.jar;"/>
    <property name="sun.cpu.endian" value="little"/>
    <property name="user.home" value="C:\Users\yaroslave"/>
    <property name="user.language" value="ru"/>
    <property name="java.specification.vendor" value="Oracle Corporation"/>
    <property name="java.version.date" value="2023-10-17"/>
    <property name="java.home" value="C:\Program Files\Java\jdk-21"/>
    <property name="file.separator" value="\"/>
    <property name="basedir" value="D:\Java\lab4aois"/>
    <property name="java.vm.compressedOopsMode" value="Zero based"/>
    <property name="line.separator" value="&#10;"/>
    <property name="java.vm.specification.vendor" value="Oracle Corporation"/>
    <property name="java.specification.name" value="Java Platform API Specification"/>
    <property name="surefire.real.class.path" value="C:\temp\surefire15080876711930879705\surefirebooter-20250517161736783_3.jar"/>
    <property name="user.script" value=""/>
    <property name="sun.management.compiler" value="HotSpot 64-Bit Tiered Compilers"/>
    <property name="java.runtime.version" value="21.0.1+12-LTS-29"/>
    <property name="user.name" value="yaroslave"/>
    <property name="stdout.encoding" value="Cp1251"/>
    <property name="path.separator" value=";"/>
    <property name="os.version" value="10.0"/>
    <property name="java.runtime.name" value="Java(TM) SE Runtime Environment"/>
    <property name="file.encoding" value="UTF-8"/>
    <property name="java.vm.name" value="Java HotSpot(TM) 64-Bit Server VM"/>
    <property name="localRepository" value="C:\Users\yaroslave\.m2\repository"/>
    <property name="java.vendor.url.bug" value="https://bugreport.java.com/bugreport/"/>
    <property name="java.io.tmpdir" value="c:\temp\"/>
    <property name="java.version" value="21.0.1"/>
    <property name="user.dir" value="D:\Java\lab4aois"/>
    <property name="os.arch" value="amd64"/>
    <property name="java.vm.specification.name" value="Java Virtual Machine Specification"/>
    <property name="sun.os.patch.level" value=""/>
    <property name="native.encoding" value="Cp1251"/>
    <property name="java.library.path" value="C:\Program Files\Java\jdk-21\bin;C:\Windows\Sun\Java\bin;C:\Windows\system32;C:\Windows;C:\Program Files\Common Files\Oracle\Java\javapath;C:\Program Files (x86)\Common Files\Oracle\Java\javapath;C:\ProgramData\Oracle\Java\javapath;C:\Windows\system32;C:\Windows;C:\Windows\System32\Wbem;C:\Windows\System32\WindowsPowerShell\v1.0\;C:\Windows\System32\OpenSSH\;C:\Program Files\Microsoft SQL Server\Client SDK\ODBC\170\Tools\Binn\;C:\Program Files (x86)\NVIDIA Corporation\PhysX\Common;D:\Git\cmd;C:\Program Files\dotnet\;C:\Program Files\Microsoft SQL Server\150\Tools\Binn\;D:\Minikube;C:\Program Files\Amazon\AWSCLIV2\;C:\ProgramData\chocolatey\bin;D:\OpenZFS On Windows;C:\Users\yaroslave\Desktop\apache-maven-3.9.9\bin;D:\apache-cassandra-4.1.7\bin;C:\Program Files\NVIDIA Corporation\NVIDIA app\NvDLISR;D:\MongoDB\mongosh-2.4.2-win32-x64\bin;C:\Program Files\Java\jdk-21\bin;;D:\Docker\resources\bin;D:\Scripts\;D:\;C:\Windows\system32\config\systemprofile\AppData\Local\Microsoft\WindowsApps;D:\MikTex\miktex\bin\x64\;C:\Windows\system32\config\systemprofile\.dotnet\tools;D:\IntelliJ IDEA 2023.3\bin;;C:\Users\yaroslave\AppData\Local\Programs\Lens\resources\cli\bin;D:\Lens\resources\cli\bin;C:\Program Files\\Elastic\Beats\8.15.1\filebeat;D:\Microsoft VS Code\bin;D:\swipl\bin;."/>
    <property name="java.vm.info" value="mixed mode, sharing"/>
    <property name="stderr.encoding" value="Cp1251"/>
    <property name="java.vendor" value="Oracle Corporation"/>
    <property name="java.vm.version" value="21.0.1+12-LTS-29"/>
    <property name="sun.io.unicode.encoding" value="UnicodeLittle"/>
    <property name="java.class.version" value="65.0"/>
  </properties>
  <testcase name="testDigitToBinaryInvalidInput" classname="by.losik.BCD8421ToExcess5ConverterTest" time="0.016"/>
  <testcase name="testBinaryStringToIntAnyNumber" classname="by.losik.BCD8421ToExcess5ConverterTest" time="0.004"/>
  <testcase name="testConvertDigitValidInput" classname="by.losik.BCD8421ToExcess5ConverterTest" time="0.0"/>
  <testcase name="testBinaryToDigitValidInput" classname="by.losik.BCD8421ToExcess5ConverterTest" time="0.001"/>
  <testcase name="testBinaryStringToIntValidInput" classname="by.losik.BCD8421ToExcess5ConverterTest" time="0.001"/>
  <testcase name="testBinaryStringToIntInvalidInput" classname="by.losik.BCD8421ToExcess5ConverterTest" time="0.01"/>
</testsuite>